2026-02-28 22:36:11,416 [INFO] __main__: 🚀 Running scanner (one-time)...
2026-02-28 22:36:11,416 [INFO] __main__: 📡 Fetching data for 50 stocks...
2026-02-28 22:36:14,627 [INFO] yfinance: Failed to create TzCache, reason: Error creating TzCache folder: 'C:\Users\suyod\AppData\Local\py-yfinance' reason: [WinError 183] Cannot create a file when that file already exists: 'C:\\Users\\suyod\\AppData\\Local\\py-yfinance'. TzCache will not be used. Tip: You can direct cache to use a different location with 'set_tz_cache_location(mylocation)'
2026-02-28 22:36:17,059 [INFO] data_collection.nse_fetcher: ✅ Fetched data for TCS: 249 rows
2026-02-28 22:36:17,120 [INFO] data_collection.nse_fetcher: ✅ Fetched data for ICICIBANK: 249 rows
2026-02-28 22:36:17,139 [INFO] data_collection.nse_fetcher: ✅ Fetched data for KOTAKBANK: 249 rows
2026-02-28 22:36:17,143 [INFO] data_collection.nse_fetcher: ✅ Fetched data for INFY: 249 rows
2026-02-28 22:36:17,144 [INFO] data_collection.nse_fetcher: ✅ Fetched data for BHARTIARTL: 249 rows
2026-02-28 22:36:17,145 [INFO] data_collection.nse_fetcher: ✅ Fetched data for SBIN: 249 rows
2026-02-28 22:36:17,146 [INFO] data_collection.nse_fetcher: ✅ Fetched data for ITC: 249 rows
2026-02-28 22:36:17,146 [INFO] data_collection.nse_fetcher: ✅ Fetched data for RELIANCE: 249 rows
2026-02-28 22:36:17,146 [INFO] data_collection.nse_fetcher: ✅ Fetched data for HDFCBANK: 249 rows
2026-02-28 22:36:17,147 [INFO] data_collection.nse_fetcher: ✅ Fetched data for HINDUNILVR: 249 rows
2026-02-28 22:36:17,476 [INFO] data_collection.nse_fetcher: ✅ Fetched data for TITAN: 249 rows
2026-02-28 22:36:17,492 [INFO] data_collection.nse_fetcher: ✅ Fetched data for SUNPHARMA: 249 rows
2026-02-28 22:36:17,529 [INFO] data_collection.nse_fetcher: ✅ Fetched data for ULTRACEMCO: 249 rows
2026-02-28 22:36:17,530 [INFO] data_collection.nse_fetcher: ✅ Fetched data for LT: 249 rows
2026-02-28 22:36:17,538 [INFO] data_collection.nse_fetcher: ✅ Fetched data for MARUTI: 249 rows
2026-02-28 22:36:17,587 [INFO] data_collection.nse_fetcher: ✅ Fetched data for BAJFINANCE: 249 rows
2026-02-28 22:36:17,588 [INFO] data_collection.nse_fetcher: ✅ Fetched data for ASIANPAINT: 249 rows
2026-02-28 22:36:17,656 [INFO] data_collection.nse_fetcher: ✅ Fetched data for WIPRO: 249 rows
2026-02-28 22:36:17,683 [INFO] data_collection.nse_fetcher: ✅ Fetched data for HCLTECH: 249 rows
2026-02-28 22:36:17,756 [INFO] data_collection.nse_fetcher: ✅ Fetched data for AXISBANK: 249 rows
2026-02-28 22:36:18,138 [INFO] data_collection.nse_fetcher: ✅ Fetched data for ADANIPORTS: 249 rows
2026-02-28 22:36:18,203 [INFO] data_collection.nse_fetcher: ✅ Fetched data for ADANIENT: 249 rows
2026-02-28 22:36:18,203 [INFO] data_collection.nse_fetcher: ✅ Fetched data for POWERGRID: 249 rows
2026-02-28 22:36:18,203 [INFO] data_collection.nse_fetcher: ✅ Fetched data for TECHM: 249 rows
2026-02-28 22:36:18,221 [INFO] data_collection.nse_fetcher: ✅ Fetched data for NTPC: 249 rows
2026-02-28 22:36:18,256 [INFO] data_collection.nse_fetcher: ✅ Fetched data for NESTLEIND: 249 rows
2026-02-28 22:36:18,275 [INFO] data_collection.nse_fetcher: ✅ Fetched data for M&M: 249 rows
2026-02-28 22:36:18,290 [INFO] data_collection.nse_fetcher: ✅ Fetched data for BAJAJFINSV: 249 rows
2026-02-28 22:36:18,393 [INFO] data_collection.nse_fetcher: ✅ Fetched data for COALINDIA: 249 rows
2026-02-28 22:36:19,104 [ERROR] yfinance: HTTP Error 404: {"quoteSummary":{"result":null,"error":{"code":"Not Found","description":"Quote not found for symbol: TATAMOTORS.NS"}}}
2026-02-28 22:36:19,190 [INFO] data_collection.nse_fetcher: ✅ Fetched data for JSWSTEEL: 249 rows
2026-02-28 22:36:19,229 [INFO] data_collection.nse_fetcher: ✅ Fetched data for DRREDDY: 249 rows
2026-02-28 22:36:19,239 [INFO] data_collection.nse_fetcher: ✅ Fetched data for HINDALCO: 249 rows
2026-02-28 22:36:19,264 [INFO] data_collection.nse_fetcher: ✅ Fetched data for EICHERMOT: 249 rows
2026-02-28 22:36:19,274 [INFO] data_collection.nse_fetcher: ✅ Fetched data for ONGC: 249 rows
2026-02-28 22:36:19,289 [INFO] data_collection.nse_fetcher: ✅ Fetched data for TATASTEEL: 249 rows
2026-02-28 22:36:19,315 [INFO] data_collection.nse_fetcher: ✅ Fetched data for CIPLA: 249 rows
2026-02-28 22:36:19,322 [INFO] data_collection.nse_fetcher: ✅ Fetched data for GRASIM: 249 rows
2026-02-28 22:36:19,339 [INFO] data_collection.nse_fetcher: ✅ Fetched data for DIVISLAB: 249 rows
2026-02-28 22:36:19,531 [INFO] data_collection.nse_fetcher: ✅ Fetched data for BPCL: 249 rows
2026-02-28 22:36:19,559 [INFO] data_collection.nse_fetcher: ✅ Fetched data for SBILIFE: 249 rows
2026-02-28 22:36:19,573 [INFO] data_collection.nse_fetcher: ✅ Fetched data for APOLLOHOSP: 249 rows
2026-02-28 22:36:19,608 [INFO] data_collection.nse_fetcher: ✅ Fetched data for HDFCLIFE: 249 rows
2026-02-28 22:36:19,610 [INFO] data_collection.nse_fetcher: ✅ Fetched data for TATACONSUM: 249 rows
2026-02-28 22:36:19,622 [INFO] data_collection.nse_fetcher: ✅ Fetched data for INDUSINDBK: 249 rows
2026-02-28 22:36:19,650 [INFO] data_collection.nse_fetcher: ✅ Fetched data for BRITANNIA: 249 rows
2026-02-28 22:36:19,654 [INFO] data_collection.nse_fetcher: ✅ Fetched data for BAJAJ-AUTO: 249 rows
2026-02-28 22:36:19,765 [INFO] data_collection.nse_fetcher: ✅ Fetched data for HEROMOTOCO: 249 rows
2026-02-28 22:36:19,824 [INFO] data_collection.nse_fetcher: ✅ Fetched data for LTIM: 249 rows
2026-02-28 22:36:20,069 [ERROR] yfinance: $TATAMOTORS.NS: possibly delisted; no price data found  (period=1y) (Yahoo error = "No data found, symbol may be delisted")
2026-02-28 22:36:20,070 [WARNING] data_collection.nse_fetcher: No data found for TATAMOTORS.NS
2026-02-28 22:36:20,563 [INFO] data_collection.nse_fetcher: ✅ Fetched data for UPL: 249 rows
2026-02-28 22:36:29,113 [INFO] __main__: ✅ Data fetched for 49 stocks
2026-02-28 22:36:29,163 [INFO] __main__:   Momentum: 17 signals
2026-02-28 22:36:30,266 [INFO] __main__:   Breakout: 2 signals
2026-02-28 22:36:30,281 [INFO] __main__:   Custom Bullish: 18 signals
2026-02-28 22:36:30,281 [INFO] __main__: 📊 Total signals: 37
2026-02-28 22:39:21,735 [INFO] main: 📡 Fetching data for 3 stocks...
2026-02-28 22:39:21,960 [INFO] data_collection.nse_fetcher: ✅ Fetched data for RELIANCE: 249 rows
2026-02-28 22:39:22,075 [INFO] data_collection.nse_fetcher: ✅ Fetched data for TCS: 249 rows
2026-02-28 22:39:22,099 [INFO] data_collection.nse_fetcher: ✅ Fetched data for INFY: 249 rows
2026-02-28 22:39:22,525 [INFO] main: ✅ Data fetched for 3 stocks
2026-02-28 22:39:22,551 [INFO] main:   Momentum: 1 signals
2026-02-28 22:39:22,644 [INFO] main:   Breakout: 1 signals
2026-02-28 22:39:22,645 [INFO] main:   Custom Bullish: 0 signals
2026-02-28 22:39:22,646 [INFO] main: 📊 Total signals: 2
2026-02-28 22:40:36,936 [INFO] __main__: ðŸš€ Running scanner (one-time)...
2026-02-28 22:40:36,936 [INFO] __main__: ðŸ“¡ Fetching data for 50 stocks...
2026-02-28 22:40:37,949 [INFO] data_collection.nse_fetcher: âœ… Fetched data for INFY: 249 rows
2026-02-28 22:40:38,106 [INFO] data_collection.nse_fetcher: âœ… Fetched data for RELIANCE: 249 rows
2026-02-28 22:40:38,114 [INFO] data_collection.nse_fetcher: âœ… Fetched data for TCS: 249 rows
2026-02-28 22:40:38,165 [INFO] data_collection.nse_fetcher: âœ… Fetched data for HINDUNILVR: 249 rows
2026-02-28 22:40:38,182 [INFO] data_collection.nse_fetcher: âœ… Fetched data for ITC: 249 rows
2026-02-28 22:40:38,185 [INFO] data_collection.nse_fetcher: âœ… Fetched data for BHARTIARTL: 249 rows
2026-02-28 22:40:38,232 [INFO] data_collection.nse_fetcher: âœ… Fetched data for KOTAKBANK: 249 rows
2026-02-28 22:40:38,232 [INFO] data_collection.nse_fetcher: âœ… Fetched data for ICICIBANK: 249 rows
2026-02-28 22:40:38,272 [INFO] data_collection.nse_fetcher: âœ… Fetched data for SBIN: 249 rows
2026-02-28 22:40:38,272 [INFO] data_collection.nse_fetcher: âœ… Fetched data for HDFCBANK: 249 rows
2026-02-28 22:40:38,277 [INFO] main: ðŸ“¡ Fetching data for 3 stocks...
2026-02-28 22:40:38,365 [INFO] data_collection.nse_fetcher: âœ… Fetched data for LT: 249 rows
2026-02-28 22:40:38,448 [INFO] data_collection.nse_fetcher: âœ… Fetched data for TCS: 249 rows
2026-02-28 22:40:38,455 [INFO] data_collection.nse_fetcher: âœ… Fetched data for HCLTECH: 249 rows
2026-02-28 22:40:38,560 [INFO] data_collection.nse_fetcher: âœ… Fetched data for RELIANCE: 249 rows
2026-02-28 22:40:38,583 [INFO] data_collection.nse_fetcher: âœ… Fetched data for INFY: 249 rows
2026-02-28 22:40:38,589 [INFO] data_collection.nse_fetcher: âœ… Fetched data for ASIANPAINT: 249 rows
2026-02-28 22:40:38,610 [INFO] data_collection.nse_fetcher: âœ… Fetched data for BAJFINANCE: 249 rows
2026-02-28 22:40:38,613 [INFO] data_collection.nse_fetcher: âœ… Fetched data for AXISBANK: 249 rows
2026-02-28 22:40:38,649 [INFO] data_collection.nse_fetcher: âœ… Fetched data for WIPRO: 249 rows
2026-02-28 22:40:38,664 [INFO] data_collection.nse_fetcher: âœ… Fetched data for TITAN: 249 rows
2026-02-28 22:40:38,675 [INFO] data_collection.nse_fetcher: âœ… Fetched data for ULTRACEMCO: 249 rows
2026-02-28 22:40:38,716 [INFO] data_collection.nse_fetcher: âœ… Fetched data for SUNPHARMA: 249 rows
2026-02-28 22:40:38,717 [INFO] data_collection.nse_fetcher: âœ… Fetched data for NESTLEIND: 249 rows
2026-02-28 22:40:38,732 [INFO] data_collection.nse_fetcher: âœ… Fetched data for MARUTI: 249 rows
2026-02-28 22:40:38,928 [INFO] data_collection.nse_fetcher: âœ… Fetched data for NTPC: 249 rows
2026-02-28 22:40:39,065 [INFO] main: âœ… Data fetched for 3 stocks
2026-02-28 22:40:39,065 [INFO] main: ðŸ” Running scanners...
2026-02-28 22:40:39,065 [INFO] main:   Momentum: 1 signals
2026-02-28 22:40:39,132 [INFO] main:   Breakout: 1 signals
2026-02-28 22:40:39,134 [INFO] main:   Custom Bullish: 0 signals
2026-02-28 22:40:39,134 [INFO] main: ðŸ“Š Total signals: 2
2026-02-28 22:40:39,554 [INFO] data_collection.nse_fetcher: âœ… Fetched data for POWERGRID: 249 rows
2026-02-28 22:40:39,583 [INFO] data_collection.nse_fetcher: âœ… Fetched data for M&M: 249 rows
2026-02-28 22:40:39,602 [INFO] data_collection.nse_fetcher: âœ… Fetched data for ADANIENT: 249 rows
2026-02-28 22:40:39,666 [INFO] data_collection.nse_fetcher: âœ… Fetched data for ADANIPORTS: 249 rows
2026-02-28 22:40:39,680 [INFO] data_collection.nse_fetcher: âœ… Fetched data for GRASIM: 249 rows
2026-02-28 22:40:39,685 [INFO] data_collection.nse_fetcher: âœ… Fetched data for BAJAJFINSV: 249 rows
2026-02-28 22:40:39,747 [INFO] data_collection.nse_fetcher: âœ… Fetched data for TECHM: 249 rows
2026-02-28 22:40:39,750 [INFO] data_collection.nse_fetcher: âœ… Fetched data for COALINDIA: 249 rows
2026-02-28 22:40:39,919 [INFO] data_collection.nse_fetcher: âœ… Fetched data for CIPLA: 249 rows
2026-02-28 22:40:39,935 [INFO] data_collection.nse_fetcher: âœ… Fetched data for JSWSTEEL: 249 rows
2026-02-28 22:40:40,317 [ERROR] yfinance: HTTP Error 404: {"quoteSummary":{"result":null,"error":{"code":"Not Found","description":"Quote not found for symbol: TATAMOTORS.NS"}}}
2026-02-28 22:40:40,391 [INFO] data_collection.nse_fetcher: âœ… Fetched data for DIVISLAB: 249 rows
2026-02-28 22:40:40,433 [INFO] data_collection.nse_fetcher: âœ… Fetched data for DRREDDY: 249 rows
2026-02-28 22:40:40,462 [INFO] data_collection.nse_fetcher: âœ… Fetched data for EICHERMOT: 249 rows
2026-02-28 22:40:40,463 [INFO] data_collection.nse_fetcher: âœ… Fetched data for TATASTEEL: 249 rows
2026-02-28 22:40:40,473 [INFO] data_collection.nse_fetcher: âœ… Fetched data for BPCL: 249 rows
2026-02-28 22:40:40,475 [INFO] data_collection.nse_fetcher: âœ… Fetched data for HINDALCO: 249 rows
2026-02-28 22:40:40,511 [INFO] data_collection.nse_fetcher: âœ… Fetched data for ONGC: 249 rows
2026-02-28 22:40:40,540 [INFO] data_collection.nse_fetcher: âœ… Fetched data for BRITANNIA: 249 rows
2026-02-28 22:40:40,557 [INFO] data_collection.nse_fetcher: âœ… Fetched data for APOLLOHOSP: 249 rows
2026-02-28 22:40:40,705 [INFO] data_collection.nse_fetcher: âœ… Fetched data for INDUSINDBK: 249 rows
2026-02-28 22:40:40,766 [INFO] data_collection.nse_fetcher: âœ… Fetched data for SBILIFE: 249 rows
2026-02-28 22:40:40,784 [INFO] data_collection.nse_fetcher: âœ… Fetched data for HEROMOTOCO: 249 rows
2026-02-28 22:40:40,816 [INFO] data_collection.nse_fetcher: âœ… Fetched data for TATACONSUM: 249 rows
2026-02-28 22:40:40,816 [INFO] data_collection.nse_fetcher: âœ… Fetched data for UPL: 249 rows
2026-02-28 22:40:40,816 [INFO] data_collection.nse_fetcher: âœ… Fetched data for BAJAJ-AUTO: 249 rows
2026-02-28 22:40:41,068 [ERROR] yfinance: $TATAMOTORS.NS: possibly delisted; no price data found  (period=1y) (Yahoo error = "No data found, symbol may be delisted")
2026-02-28 22:40:41,068 [WARNING] data_collection.nse_fetcher: No data found for TATAMOTORS.NS
2026-02-28 22:40:41,068 [WARNING] data_collection.nse_fetcher: âš ï¸ No data for TATAMOTORS
2026-02-28 22:40:41,102 [INFO] data_collection.nse_fetcher: âœ… Fetched data for LTIM: 249 rows
2026-02-28 22:40:41,222 [INFO] data_collection.nse_fetcher: âœ… Fetched data for HDFCLIFE: 249 rows
2026-02-28 22:40:48,405 [INFO] __main__: âœ… Data fetched for 49 stocks
2026-02-28 22:40:48,405 [INFO] __main__: ðŸ” Running scanners...
2026-02-28 22:40:48,439 [INFO] __main__:   Momentum: 17 signals
2026-02-28 22:40:49,391 [INFO] __main__:   Breakout: 2 signals
2026-02-28 22:40:49,406 [INFO] __main__:   Custom Bullish: 18 signals
2026-02-28 22:40:49,406 [INFO] __main__: ðŸ“Š Total signals: 37
2026-02-28 22:45:34,353 [INFO] __main__: ðŸš€ Running scanner (one-time)...
2026-02-28 22:45:34,353 [INFO] __main__: ðŸ“¡ Fetching data for 50 stocks...
2026-02-28 22:45:35,715 [INFO] data_collection.nse_fetcher: âœ… Fetched data for ITC: 249 rows
2026-02-28 22:45:35,720 [INFO] data_collection.nse_fetcher: âœ… Fetched data for SBIN: 249 rows
2026-02-28 22:45:35,771 [INFO] data_collection.nse_fetcher: âœ… Fetched data for INFY: 249 rows
2026-02-28 22:45:35,801 [INFO] data_collection.nse_fetcher: âœ… Fetched data for RELIANCE: 249 rows
2026-02-28 22:45:35,803 [INFO] data_collection.nse_fetcher: âœ… Fetched data for BHARTIARTL: 249 rows
2026-02-28 22:45:35,803 [INFO] data_collection.nse_fetcher: âœ… Fetched data for HINDUNILVR: 249 rows
2026-02-28 22:45:35,805 [INFO] data_collection.nse_fetcher: âœ… Fetched data for ICICIBANK: 249 rows
2026-02-28 22:45:35,806 [INFO] data_collection.nse_fetcher: âœ… Fetched data for HDFCBANK: 249 rows
2026-02-28 22:45:35,807 [INFO] data_collection.nse_fetcher: âœ… Fetched data for TCS: 249 rows
2026-02-28 22:45:35,807 [INFO] data_collection.nse_fetcher: âœ… Fetched data for KOTAKBANK: 249 rows
2026-02-28 22:45:35,971 [INFO] data_collection.nse_fetcher: âœ… Fetched data for MARUTI: 249 rows
2026-02-28 22:45:36,045 [INFO] data_collection.nse_fetcher: âœ… Fetched data for ASIANPAINT: 249 rows
2026-02-28 22:45:36,071 [INFO] data_collection.nse_fetcher: âœ… Fetched data for HCLTECH: 249 rows
2026-02-28 22:45:36,071 [INFO] data_collection.nse_fetcher: âœ… Fetched data for ULTRACEMCO: 249 rows
2026-02-28 22:45:36,071 [INFO] data_collection.nse_fetcher: âœ… Fetched data for BAJFINANCE: 249 rows
2026-02-28 22:45:36,071 [INFO] data_collection.nse_fetcher: âœ… Fetched data for AXISBANK: 249 rows
2026-02-28 22:45:36,086 [INFO] data_collection.nse_fetcher: âœ… Fetched data for TITAN: 249 rows
2026-02-28 22:45:36,096 [INFO] data_collection.nse_fetcher: âœ… Fetched data for SUNPHARMA: 249 rows
2026-02-28 22:45:36,104 [INFO] data_collection.nse_fetcher: âœ… Fetched data for WIPRO: 249 rows
2026-02-28 22:45:36,128 [INFO] data_collection.nse_fetcher: âœ… Fetched data for LT: 249 rows
2026-02-28 22:45:36,190 [INFO] data_collection.nse_fetcher: âœ… Fetched data for NESTLEIND: 249 rows
2026-02-28 22:45:36,221 [INFO] data_collection.nse_fetcher: âœ… Fetched data for POWERGRID: 249 rows
2026-02-28 22:45:36,237 [INFO] data_collection.nse_fetcher: âœ… Fetched data for M&M: 249 rows
2026-02-28 22:45:36,254 [INFO] data_collection.nse_fetcher: âœ… Fetched data for TECHM: 249 rows
2026-02-28 22:45:36,272 [INFO] data_collection.nse_fetcher: âœ… Fetched data for ADANIPORTS: 249 rows
2026-02-28 22:45:36,299 [INFO] data_collection.nse_fetcher: âœ… Fetched data for ADANIENT: 249 rows
2026-02-28 22:45:36,302 [INFO] data_collection.nse_fetcher: âœ… Fetched data for NTPC: 249 rows
2026-02-28 22:45:36,321 [INFO] data_collection.nse_fetcher: âœ… Fetched data for BAJAJFINSV: 249 rows
2026-02-28 22:45:36,321 [INFO] data_collection.nse_fetcher: âœ… Fetched data for COALINDIA: 249 rows
2026-02-28 22:45:36,348 [INFO] data_collection.nse_fetcher: âœ… Fetched data for GRASIM: 249 rows
2026-02-28 22:45:36,788 [INFO] data_collection.nse_fetcher: âœ… Fetched data for ONGC: 249 rows
2026-02-28 22:45:36,821 [INFO] data_collection.nse_fetcher: âœ… Fetched data for EICHERMOT: 249 rows
2026-02-28 22:45:36,821 [INFO] data_collection.nse_fetcher: âœ… Fetched data for CIPLA: 249 rows
2026-02-28 22:45:36,846 [INFO] data_collection.nse_fetcher: âœ… Fetched data for BPCL: 249 rows
2026-02-28 22:45:36,854 [INFO] data_collection.nse_fetcher: âœ… Fetched data for JSWSTEEL: 249 rows
2026-02-28 22:45:36,871 [INFO] data_collection.nse_fetcher: âœ… Fetched data for HINDALCO: 249 rows
2026-02-28 22:45:36,888 [INFO] data_collection.nse_fetcher: âœ… Fetched data for DIVISLAB: 249 rows
2026-02-28 22:45:36,903 [INFO] data_collection.nse_fetcher: âœ… Fetched data for DRREDDY: 249 rows
2026-02-28 22:45:36,919 [INFO] data_collection.nse_fetcher: âœ… Fetched data for TATASTEEL: 249 rows
2026-02-28 22:45:36,988 [INFO] data_collection.nse_fetcher: âœ… Fetched data for BRITANNIA: 249 rows
2026-02-28 22:45:37,004 [INFO] data_collection.nse_fetcher: âœ… Fetched data for INDUSINDBK: 249 rows
2026-02-28 22:45:37,024 [INFO] data_collection.nse_fetcher: âœ… Fetched data for SBILIFE: 249 rows
2026-02-28 22:45:37,024 [INFO] data_collection.nse_fetcher: âœ… Fetched data for TATACONSUM: 249 rows
2026-02-28 22:45:37,130 [INFO] data_collection.nse_fetcher: âœ… Fetched data for APOLLOHOSP: 249 rows
2026-02-28 22:45:37,273 [ERROR] yfinance: HTTP Error 404: {"quoteSummary":{"result":null,"error":{"code":"Not Found","description":"Quote not found for symbol: TATAMOTORS.NS"}}}
2026-02-28 22:45:37,322 [INFO] data_collection.nse_fetcher: âœ… Fetched data for LTIM: 249 rows
2026-02-28 22:45:37,322 [INFO] data_collection.nse_fetcher: âœ… Fetched data for HDFCLIFE: 249 rows
2026-02-28 22:45:37,373 [INFO] data_collection.nse_fetcher: âœ… Fetched data for UPL: 249 rows
2026-02-28 22:45:37,376 [INFO] data_collection.nse_fetcher: âœ… Fetched data for HEROMOTOCO: 249 rows
2026-02-28 22:45:37,378 [INFO] data_collection.nse_fetcher: âœ… Fetched data for BAJAJ-AUTO: 249 rows
2026-02-28 22:45:38,085 [ERROR] yfinance: $TATAMOTORS.NS: possibly delisted; no price data found  (period=1y) (Yahoo error = "No data found, symbol may be delisted")
2026-02-28 22:45:38,087 [WARNING] data_collection.nse_fetcher: No data found for TATAMOTORS.NS
2026-02-28 22:45:38,089 [WARNING] data_collection.nse_fetcher: âš ï¸ No data for TATAMOTORS
2026-02-28 22:45:45,132 [INFO] __main__: âœ… Data fetched for 49 stocks
2026-02-28 22:45:45,133 [INFO] __main__: ðŸ” Running scanners...
2026-02-28 22:45:45,168 [INFO] __main__:   Momentum: 17 signals
2026-02-28 22:45:46,111 [INFO] __main__:   Breakout: 2 signals
2026-02-28 22:45:46,141 [INFO] __main__:   Custom Bullish: 18 signals
2026-02-28 22:45:46,141 [INFO] __main__: ðŸ“Š Total signals: 37
2026-02-28 23:39:15,540 [INFO] main: ðŸ“¡ Fetching data for 3 stocks...
2026-02-28 23:39:15,794 [INFO] data_collection.nse_fetcher: âœ… Fetched data for RELIANCE: 249 rows
2026-02-28 23:39:15,861 [INFO] data_collection.nse_fetcher: âœ… Fetched data for TCS: 249 rows
2026-02-28 23:39:15,910 [INFO] data_collection.nse_fetcher: âœ… Fetched data for INFY: 249 rows
2026-02-28 23:39:16,544 [INFO] main: âœ… Data fetched for 3 stocks
2026-02-28 23:39:16,544 [INFO] main: ðŸ” Running scanners...
2026-02-28 23:39:16,560 [INFO] main:   Momentum: 1 signals
2026-02-28 23:39:16,643 [INFO] main:   Breakout: 1 signals
2026-02-28 23:39:16,643 [INFO] main:   Custom Bullish: 0 signals
2026-02-28 23:39:16,643 [INFO] main: ðŸ“Š Total signals: 2
